<?xml version="1.0" encoding="UTF-8"?>
<!-- Generated by org.testng.reporters.JUnitReportReporter -->
<testsuite hostname="DESKTOP-3SEKVIJ" failures="0" tests="1" name="Task" time="6.084" errors="0" timestamp="2021-12-20T10:42:42 PET" skipped="0">
  <testcase classname="Task" name="listTaskAfterDelete" time="6.084"/>
  <system-out/>
</testsuite> <!-- Task -->
