<?xml version="1.0" encoding="UTF-8"?>
<!-- Generated by org.testng.reporters.JUnitReportReporter -->
<testsuite hostname="DESKTOP-3SEKVIJ" failures="0" tests="1" name="User" time="3.684" errors="0" timestamp="2021-12-19T17:08:57 PET" skipped="0">
  <testcase classname="User" name="updateSomeData" time="3.684"/>
  <system-out/>
</testsuite> <!-- User -->
