<?xml version="1.0" encoding="UTF-8"?>
<!-- Generated by org.testng.reporters.JUnitReportReporter -->
<testsuite hostname="DESKTOP-3SEKVIJ" failures="0" tests="1" name="User" time="13.072" errors="0" timestamp="2021-12-23T10:32:05 PET" skipped="0">
  <testcase classname="User" name="getUser" time="13.072"/>
  <system-out/>
</testsuite> <!-- User -->
