<?xml version="1.0" encoding="UTF-8"?>
<testsuite name="User" tests="1" skipped="0" failures="0" errors="0" timestamp="2021-12-23T15:31:52" hostname="DESKTOP-3SEKVIJ" time="13.072">
  <properties/>
  <testcase name="getUser" classname="User" time="13.072"/>
  <system-out><![CDATA[]]></system-out>
  <system-err><![CDATA[]]></system-err>
</testsuite>
